{"failed_tests": [{"build_succeeded": false, "exception": false, "log_file": ".build/test_acronyms/output.log", "proc": {"returncode": 2, "stderr": ["make[1]: *** [_file] Error 1"], "stdout": ["Building test_acronyms.tex...", "(cd tests && (\"/c/Program Files/MiKTeX 2.9/miktex/bin/x64/pdflatex\" -shell-escape -jobname=output -output-directory=../.build/./test_acronyms -interaction=batchmode ./test_acronyms.tex 2>&1) >/dev/null)"]}, "test_name": "test_acronyms"}, {"build_succeeded": true, "exception": false, "failed_pages": [1], "test_name": "test_tikz_externalize_fix"}, {"build_succeeded": false, "exception": false, "log_file": ".build/test_upsc/output.log", "proc": {"returncode": 2, "stderr": ["make[1]: *** [_file] Error 1"], "stdout": ["Building test_upsc.tex...", "(cd tests && (\"/c/Program Files/MiKTeX 2.9/miktex/bin/x64/pdflatex\" -shell-escape -jobname=output -output-directory=../.build/./test_upsc -interaction=batchmode ./test_upsc.tex 2>&1) >/dev/null)"]}, "test_name": "test_upsc"}], "num_tests": 25}